12623 6070 7711 4618
7711 195 31101 5605
****************
12623 2145 8723 149
8723 6125 28253 4745
28253 2933 6729 6193
****************
12623 9077 27446 1348
27446 2714 32439 9984
32439 7950 11323 583
11323 4514 11942 1227
****************
12623 4114 23281 6630
23281 4628 24370 7930
24370 9832 12859 8990
12859 9381 19169 6909
19169 566 24393 1864
****************
12623 2708 27446 7053
27446 9988 15350 1683
15350 2488 26500 6194
****************
12623 4114 23281 6630 : 18
7711 195 31101 5605 : 15
28253 2933 6729 6193 : 12
24370 9832 12859 8990 : 13
12623 6070 7711 4618 : 12
12623 2708 27446 7053 : 7
12859 9381 19169 6909 : 13
8723 6125 28253 4745 : 10
27446 9988 15350 1683 : 8
12623 9077 27446 1348 : 5
27446 2714 32439 9984 : 9
11323 4514 11942 1227 : 11
15350 2488 26500 6194 : 15
32439 7950 11323 583 : 8
12623 2145 8723 149 : 6
19169 566 24393 1864 : 14
23281 4628 24370 7930 : 5
